2016-05-09 16:41:30,366 [main] INFO  zx.soft.sdn.api.server.JettyServer [Line:38 ] - Starting server at port 8900
2016-05-09 16:41:30,449 [main] INFO  org.eclipse.jetty.util.log [Line:186] - Logging initialized @433ms
2016-05-09 16:41:30,542 [main] INFO  org.eclipse.jetty.server.Server [Line:339] - jetty-9.3.0.M1
2016-05-09 16:41:30,736 [main] INFO  / [Line:2057] - Initializing Spring root WebApplicationContext
2016-05-09 16:41:30,736 [main] INFO  o.s.web.context.ContextLoader [Line:285] - Root WebApplicationContext: initialization started
2016-05-09 16:41:30,834 [main] INFO  o.s.w.c.s.XmlWebApplicationContext [Line:510] - Refreshing Root WebApplicationContext: startup date [Mon May 09 16:41:30 CST 2016]; root of context hierarchy
2016-05-09 16:41:30,864 [main] INFO  o.s.b.f.xml.XmlBeanDefinitionReader [Line:317] - Loading XML bean definitions from ServletContext resource [/WEB-INF/applicationContext.xml]
2016-05-09 16:41:31,074 [main] INFO  o.s.b.f.xml.XmlBeanDefinitionReader [Line:317] - Loading XML bean definitions from ServletContext resource [/WEB-INF/spring-mybatis.xml]
2016-05-09 16:41:31,118 [main] INFO  o.s.b.f.xml.XmlBeanDefinitionReader [Line:317] - Loading XML bean definitions from ServletContext resource [/WEB-INF/spring-ioc.xml]
2016-05-09 16:41:31,133 [main] INFO  o.s.b.f.xml.XmlBeanDefinitionReader [Line:317] - Loading XML bean definitions from ServletContext resource [/WEB-INF/spring-mvc.xml]
2016-05-09 16:41:31,241 [main] INFO  o.s.b.f.xml.XmlBeanDefinitionReader [Line:317] - Loading XML bean definitions from ServletContext resource [/WEB-INF/spring-aop.xml]
2016-05-09 16:41:31,403 [main] INFO  o.s.c.s.PropertySourcesPlaceholderConfigurer [Line:172] - Loading properties file from class path resource [db.properties]
2016-05-09 16:41:32,492 [main] INFO  o.s.w.s.m.m.a.RequestMappingHandlerMapping [Line:220] - Mapped "{[/test/json/{key}/{value}],methods=[GET],params=[],headers=[],consumes=[],produces=[],custom=[]}" onto public java.util.Map<java.lang.String, java.lang.String> zx.soft.sdn.api.controller.TestController.json(java.lang.String,java.lang.String)
2016-05-09 16:41:32,493 [main] INFO  o.s.w.s.m.m.a.RequestMappingHandlerMapping [Line:220] - Mapped "{[/test/name],methods=[GET],params=[],headers=[],consumes=[],produces=[],custom=[]}" onto public java.lang.String zx.soft.sdn.api.controller.TestController.getNameById(int)
2016-05-09 16:41:32,493 [main] INFO  o.s.w.s.m.m.a.RequestMappingHandlerMapping [Line:220] - Mapped "{[/test/id],methods=[GET],params=[],headers=[],consumes=[],produces=[],custom=[]}" onto public java.lang.String zx.soft.sdn.api.controller.TestController.getIdByName(java.lang.String)
2016-05-09 16:41:32,493 [main] INFO  o.s.w.s.m.m.a.RequestMappingHandlerMapping [Line:220] - Mapped "{[/test/{id}],methods=[GET],params=[],headers=[],consumes=[],produces=[],custom=[]}" onto public zx.soft.sdn.api.model.Test zx.soft.sdn.api.controller.TestController.getIdByName(int)
2016-05-09 16:41:32,494 [main] INFO  o.s.w.s.m.m.a.RequestMappingHandlerMapping [Line:220] - Mapped "{[/test/index/{key}/{value}],methods=[GET],params=[],headers=[],consumes=[],produces=[],custom=[]}" onto public java.lang.String zx.soft.sdn.api.controller.TestController.index(java.lang.String,java.lang.String,org.springframework.ui.Model)
2016-05-09 16:41:32,494 [main] INFO  o.s.w.s.m.m.a.RequestMappingHandlerMapping [Line:220] - Mapped "{[/test/save],methods=[POST],params=[],headers=[],consumes=[],produces=[],custom=[]}" onto public java.util.Map<java.lang.String, java.lang.String> zx.soft.sdn.api.controller.TestController.save(zx.soft.sdn.api.model.Test)
2016-05-09 16:41:32,494 [main] INFO  o.s.w.s.m.m.a.RequestMappingHandlerMapping [Line:220] - Mapped "{[/test],methods=[POST],params=[],headers=[],consumes=[],produces=[],custom=[]}" onto public zx.soft.sdn.api.model.Test zx.soft.sdn.api.controller.TestController.test(zx.soft.sdn.api.model.Test)
2016-05-09 16:41:32,813 [main] INFO  o.s.w.s.m.m.a.RequestMappingHandlerAdapter [Line:523] - Looking for @ControllerAdvice: Root WebApplicationContext: startup date [Mon May 09 16:41:30 CST 2016]; root of context hierarchy
2016-05-09 16:41:32,859 [main] INFO  o.s.w.s.m.m.a.RequestMappingHandlerAdapter [Line:523] - Looking for @ControllerAdvice: Root WebApplicationContext: startup date [Mon May 09 16:41:30 CST 2016]; root of context hierarchy
2016-05-09 16:41:33,097 [main] INFO  o.s.w.s.h.SimpleUrlHandlerMapping [Line:314] - Mapped URL path [/static/**] onto handler 'org.springframework.web.servlet.resource.ResourceHttpRequestHandler#0'
2016-05-09 16:41:33,102 [main] INFO  o.s.web.context.ContextLoader [Line:325] - Root WebApplicationContext: initialization completed in 2365 ms
2016-05-09 16:41:33,143 [main] INFO  / [Line:2057] - Initializing Spring FrameworkServlet 'controller'
2016-05-09 16:41:33,144 [main] INFO  o.s.web.servlet.DispatcherServlet [Line:484] - FrameworkServlet 'controller': initialization started
2016-05-09 16:41:33,146 [main] INFO  o.s.w.c.s.XmlWebApplicationContext [Line:510] - Refreshing WebApplicationContext for namespace 'controller-servlet': startup date [Mon May 09 16:41:33 CST 2016]; parent: Root WebApplicationContext
2016-05-09 16:41:33,147 [main] INFO  o.s.b.f.xml.XmlBeanDefinitionReader [Line:317] - Loading XML bean definitions from ServletContext resource [/WEB-INF/applicationContext.xml]
2016-05-09 16:41:33,159 [main] INFO  o.s.b.f.xml.XmlBeanDefinitionReader [Line:317] - Loading XML bean definitions from ServletContext resource [/WEB-INF/spring-mybatis.xml]
2016-05-09 16:41:33,178 [main] INFO  o.s.b.f.xml.XmlBeanDefinitionReader [Line:317] - Loading XML bean definitions from ServletContext resource [/WEB-INF/spring-ioc.xml]
2016-05-09 16:41:33,188 [main] INFO  o.s.b.f.xml.XmlBeanDefinitionReader [Line:317] - Loading XML bean definitions from ServletContext resource [/WEB-INF/spring-mvc.xml]
2016-05-09 16:41:33,216 [main] INFO  o.s.b.f.xml.XmlBeanDefinitionReader [Line:317] - Loading XML bean definitions from ServletContext resource [/WEB-INF/spring-aop.xml]
2016-05-09 16:41:33,252 [main] INFO  o.s.c.s.PropertySourcesPlaceholderConfigurer [Line:172] - Loading properties file from class path resource [db.properties]
2016-05-09 16:41:33,360 [main] INFO  o.s.w.s.m.m.a.RequestMappingHandlerMapping [Line:220] - Mapped "{[/test/json/{key}/{value}],methods=[GET],params=[],headers=[],consumes=[],produces=[],custom=[]}" onto public java.util.Map<java.lang.String, java.lang.String> zx.soft.sdn.api.controller.TestController.json(java.lang.String,java.lang.String)
2016-05-09 16:41:33,361 [main] INFO  o.s.w.s.m.m.a.RequestMappingHandlerMapping [Line:220] - Mapped "{[/test/name],methods=[GET],params=[],headers=[],consumes=[],produces=[],custom=[]}" onto public java.lang.String zx.soft.sdn.api.controller.TestController.getNameById(int)
2016-05-09 16:41:33,362 [main] INFO  o.s.w.s.m.m.a.RequestMappingHandlerMapping [Line:220] - Mapped "{[/test/id],methods=[GET],params=[],headers=[],consumes=[],produces=[],custom=[]}" onto public java.lang.String zx.soft.sdn.api.controller.TestController.getIdByName(java.lang.String)
2016-05-09 16:41:33,363 [main] INFO  o.s.w.s.m.m.a.RequestMappingHandlerMapping [Line:220] - Mapped "{[/test/{id}],methods=[GET],params=[],headers=[],consumes=[],produces=[],custom=[]}" onto public zx.soft.sdn.api.model.Test zx.soft.sdn.api.controller.TestController.getIdByName(int)
2016-05-09 16:41:33,363 [main] INFO  o.s.w.s.m.m.a.RequestMappingHandlerMapping [Line:220] - Mapped "{[/test/index/{key}/{value}],methods=[GET],params=[],headers=[],consumes=[],produces=[],custom=[]}" onto public java.lang.String zx.soft.sdn.api.controller.TestController.index(java.lang.String,java.lang.String,org.springframework.ui.Model)
2016-05-09 16:41:33,363 [main] INFO  o.s.w.s.m.m.a.RequestMappingHandlerMapping [Line:220] - Mapped "{[/test/save],methods=[POST],params=[],headers=[],consumes=[],produces=[],custom=[]}" onto public java.util.Map<java.lang.String, java.lang.String> zx.soft.sdn.api.controller.TestController.save(zx.soft.sdn.api.model.Test)
2016-05-09 16:41:33,363 [main] INFO  o.s.w.s.m.m.a.RequestMappingHandlerMapping [Line:220] - Mapped "{[/test],methods=[POST],params=[],headers=[],consumes=[],produces=[],custom=[]}" onto public zx.soft.sdn.api.model.Test zx.soft.sdn.api.controller.TestController.test(zx.soft.sdn.api.model.Test)
2016-05-09 16:41:33,407 [main] INFO  o.s.w.s.m.m.a.RequestMappingHandlerAdapter [Line:523] - Looking for @ControllerAdvice: WebApplicationContext for namespace 'controller-servlet': startup date [Mon May 09 16:41:33 CST 2016]; parent: Root WebApplicationContext
2016-05-09 16:41:33,424 [main] INFO  o.s.w.s.m.m.a.RequestMappingHandlerAdapter [Line:523] - Looking for @ControllerAdvice: WebApplicationContext for namespace 'controller-servlet': startup date [Mon May 09 16:41:33 CST 2016]; parent: Root WebApplicationContext
2016-05-09 16:41:33,454 [main] INFO  o.s.w.s.h.SimpleUrlHandlerMapping [Line:314] - Mapped URL path [/static/**] onto handler 'org.springframework.web.servlet.resource.ResourceHttpRequestHandler#0'
2016-05-09 16:41:33,490 [main] INFO  o.s.web.servlet.DispatcherServlet [Line:503] - FrameworkServlet 'controller': initialization completed in 346 ms
2016-05-09 16:41:33,490 [main] INFO  o.e.j.server.handler.ContextHandler [Line:745] - Started o.e.j.w.WebAppContext@402a079c{/,file:///home/xuran/Works/eclipse-works/sdn/sdn-api/target/classes/webapp/,AVAILABLE}
2016-05-09 16:41:33,533 [main] INFO  o.e.jetty.server.ServerConnector [Line:266] - Started ServerConnector@396a51ab{HTTP/1.1,[http/1.1]}{0.0.0.0:8900}
2016-05-09 16:41:33,533 [main] INFO  org.eclipse.jetty.server.Server [Line:391] - Started @3520ms
2016-05-09 16:41:33,534 [main] INFO  zx.soft.sdn.api.server.JettyServer [Line:42 ] - Server started at port 8900
